<?xml version="1.0" encoding="UTF-8"?>
<Site BuildName="(empty)"
	BuildStamp="20241225-2059-Experimental"
	Name="(empty)"
	Generator="ctest-3.28.3"
	CompilerName=""
	CompilerVersion=""
	OSName="Linux"
	Hostname="overflowtn"
	OSRelease="6.9.12-060912-generic"
	OSVersion="#202408281052 SMP PREEMPT_DYNAMIC Wed Aug 28 15:52:05 UTC 2024"
	OSPlatform="x86_64"
	Is64Bits="1"
	VendorString="GenuineIntel"
	VendorID="Intel Corporation"
	FamilyID="6"
	ModelID="186"
	ProcessorCacheSize="12288"
	NumberOfLogicalCPU="12"
	NumberOfPhysicalCPU="10"
	TotalVirtualMemory="8191"
	TotalPhysicalMemory="23642"
	LogicalProcessorsPerPhysical="1"
	ProcessorClockFrequency="400.932"
	>
	<Testing>
		<StartDateTime>Dec 25 22:41 CET</StartDateTime>
		<StartTestTime>1735162874</StartTestTime>
		<TestList/>
		<EndDateTime>Dec 25 22:41 CET</EndDateTime>
		<EndTestTime>1735162874</EndTestTime>
		<ElapsedMinutes>0</ElapsedMinutes>
	</Testing>
</Site>
